<?xml version="1.0" encoding="UTF-8"?>
<!-- Generated by org.testng.reporters.JUnitReportReporter -->
<testsuite skipped="0" hostname="LAPTOP-0AM1S9BN" name="com.nopcommerce.tests.HomePageTest" tests="4" failures="0" timestamp="30 Dec 2020 02:44:19 GMT" time="0.290" errors="0">
  <testcase name="validatePageTitleTest" time="0.104" classname="com.nopcommerce.tests.HomePageTest"/>
  <testcase name="verifyLogoTest" time="0.089" classname="com.nopcommerce.tests.HomePageTest"/>
  <testcase name="verifyRegisterLinkTest" time="0.055" classname="com.nopcommerce.tests.HomePageTest"/>
  <testcase name="verifyLoginLinkTest" time="0.042" classname="com.nopcommerce.tests.HomePageTest"/>
</testsuite> <!-- com.nopcommerce.tests.HomePageTest -->
