<?xml version="1.0" encoding="UTF-8"?>
<!-- Generated by org.testng.reporters.JUnitReportReporter -->
<testsuite skipped="0" hostname="LAPTOP-0AM1S9BN" name="com.nopcommerce.tests.RegisterPageTest" tests="4" failures="0" timestamp="30 Dec 2020 02:44:19 GMT" time="67.745" errors="0">
  <testcase name="verifyRegisterPageNameTest" time="2.535" classname="com.nopcommerce.tests.RegisterPageTest"/>
  <testcase name="registerNewUserTest" time="22.506" classname="com.nopcommerce.tests.RegisterPageTest"/>
  <testcase name="registerNewUserTest" time="21.234" classname="com.nopcommerce.tests.RegisterPageTest"/>
  <testcase name="registerNewUserTest" time="21.470" classname="com.nopcommerce.tests.RegisterPageTest"/>
</testsuite> <!-- com.nopcommerce.tests.RegisterPageTest -->
