<?xml version="1.0" encoding="UTF-8"?>
<!-- Generated by org.testng.reporters.JUnitReportReporter -->
<testsuite skipped="0" hostname="LAPTOP-0AM1S9BN" name="com.nopcommerce.tests.SearchPageTest" tests="3" failures="0" timestamp="30 Dec 2020 02:44:19 GMT" time="4.253" errors="0">
  <testcase name="verifySearchPageNameTest" time="0.031" classname="com.nopcommerce.tests.SearchPageTest"/>
  <testcase name="verifyManufactureDropDownListTest" time="4.175" classname="com.nopcommerce.tests.SearchPageTest"/>
  <testcase name="verifyManufacturesListTest" time="0.047" classname="com.nopcommerce.tests.SearchPageTest"/>
</testsuite> <!-- com.nopcommerce.tests.SearchPageTest -->
